{"/home/jaylen/WorkSpace/GitHub/CityofLosAngeles/fetch-latest-github-release/action.js": {"path":"/home/jaylen/WorkSpace/GitHub/CityofLosAngeles/fetch-latest-github-release/action.js","statementMap":{"0":{"start":{"line":1,"column":13},"end":{"line":1,"column":37}},"1":{"start":{"line":2,"column":15},"end":{"line":2,"column":41}},"2":{"start":{"line":3,"column":16},"end":{"line":3,"column":34}},"3":{"start":{"line":4,"column":11},"end":{"line":4,"column":33}},"4":{"start":{"line":5,"column":15},"end":{"line":5,"column":32}},"5":{"start":{"line":7,"column":19},"end":{"line":15,"column":1}},"6":{"start":{"line":8,"column":19},"end":{"line":8,"column":41}},"7":{"start":{"line":10,"column":2},"end":{"line":12,"column":3}},"8":{"start":{"line":11,"column":4},"end":{"line":11,"column":72}},"9":{"start":{"line":14,"column":2},"end":{"line":14,"column":18}},"10":{"start":{"line":17,"column":18},"end":{"line":17,"column":44}},"11":{"start":{"line":19,"column":22},"end":{"line":21,"column":45}},"12":{"start":{"line":23,"column":16},"end":{"line":25,"column":1}},"13":{"start":{"line":28,"column":2},"end":{"line":33,"column":3}},"14":{"start":{"line":29,"column":4},"end":{"line":29,"column":62}},"15":{"start":{"line":31,"column":6},"end":{"line":31,"column":74}},"16":{"start":{"line":32,"column":6},"end":{"line":32,"column":58}},"17":{"start":{"line":39,"column":2},"end":{"line":39,"column":67}},"18":{"start":{"line":41,"column":2},"end":{"line":49,"column":3}},"19":{"start":{"line":42,"column":4},"end":{"line":45,"column":6}},"20":{"start":{"line":47,"column":6},"end":{"line":47,"column":78}},"21":{"start":{"line":48,"column":6},"end":{"line":48,"column":58}},"22":{"start":{"line":51,"column":19},"end":{"line":51,"column":32}},"23":{"start":{"line":53,"column":28},"end":{"line":73,"column":3}},"24":{"start":{"line":75,"column":22},"end":{"line":75,"column":24}},"25":{"start":{"line":76,"column":2},"end":{"line":94,"column":3}},"26":{"start":{"line":77,"column":4},"end":{"line":93,"column":5}},"27":{"start":{"line":79,"column":8},"end":{"line":79,"column":45}},"28":{"start":{"line":80,"column":8},"end":{"line":80,"column":85}},"29":{"start":{"line":81,"column":8},"end":{"line":81,"column":14}},"30":{"start":{"line":83,"column":8},"end":{"line":83,"column":51}},"31":{"start":{"line":84,"column":8},"end":{"line":84,"column":73}},"32":{"start":{"line":85,"column":8},"end":{"line":85,"column":109}},"33":{"start":{"line":86,"column":8},"end":{"line":86,"column":14}},"34":{"start":{"line":88,"column":8},"end":{"line":88,"column":57}},"35":{"start":{"line":89,"column":8},"end":{"line":89,"column":85}},"36":{"start":{"line":90,"column":8},"end":{"line":90,"column":14}},"37":{"start":{"line":92,"column":8},"end":{"line":92,"column":103}},"38":{"start":{"line":96,"column":2},"end":{"line":100,"column":3}},"39":{"start":{"line":97,"column":4},"end":{"line":97,"column":44}},"40":{"start":{"line":99,"column":6},"end":{"line":99,"column":58}},"41":{"start":{"line":103,"column":0},"end":{"line":109,"column":1}},"42":{"start":{"line":104,"column":2},"end":{"line":106,"column":3}},"43":{"start":{"line":105,"column":4},"end":{"line":105,"column":10}},"44":{"start":{"line":108,"column":4},"end":{"line":108,"column":56}},"45":{"start":{"line":111,"column":0},"end":{"line":111,"column":25}}},"fnMap":{"0":{"name":"(anonymous_0)","decl":{"start":{"line":7,"column":19},"end":{"line":7,"column":20}},"loc":{"start":{"line":7,"column":33},"end":{"line":15,"column":1}},"line":7},"1":{"name":"appendGHOutputfile","decl":{"start":{"line":27,"column":15},"end":{"line":27,"column":33}},"loc":{"start":{"line":27,"column":43},"end":{"line":34,"column":1}},"line":27},"2":{"name":"run","decl":{"start":{"line":36,"column":15},"end":{"line":36,"column":18}},"loc":{"start":{"line":36,"column":21},"end":{"line":101,"column":1}},"line":36}},"branchMap":{"0":{"loc":{"start":{"line":10,"column":2},"end":{"line":12,"column":3}},"type":"if","locations":[{"start":{"line":10,"column":2},"end":{"line":12,"column":3}},{"start":{},"end":{}}],"line":10},"1":{"loc":{"start":{"line":19,"column":22},"end":{"line":21,"column":45}},"type":"cond-expr","locations":[{"start":{"line":20,"column":4},"end":{"line":20,"column":25}},{"start":{"line":21,"column":4},"end":{"line":21,"column":45}}],"line":19},"2":{"loc":{"start":{"line":77,"column":4},"end":{"line":93,"column":5}},"type":"switch","locations":[{"start":{"line":78,"column":6},"end":{"line":81,"column":14}},{"start":{"line":82,"column":6},"end":{"line":86,"column":14}},{"start":{"line":87,"column":6},"end":{"line":90,"column":14}},{"start":{"line":91,"column":6},"end":{"line":92,"column":103}}],"line":77},"3":{"loc":{"start":{"line":104,"column":2},"end":{"line":106,"column":3}},"type":"if","locations":[{"start":{"line":104,"column":2},"end":{"line":106,"column":3}},{"start":{},"end":{}}],"line":104}},"s":{"0":1,"1":1,"2":1,"3":1,"4":1,"5":1,"6":0,"7":0,"8":0,"9":0,"10":1,"11":1,"12":1,"13":1,"14":1,"15":0,"16":0,"17":1,"18":1,"19":1,"20":0,"21":0,"22":1,"23":1,"24":1,"25":1,"26":19,"27":1,"28":1,"29":1,"30":6,"31":6,"32":6,"33":6,"34":1,"35":1,"36":1,"37":11,"38":1,"39":1,"40":0,"41":1,"42":1,"43":0,"44":0,"45":1},"f":{"0":0,"1":1,"2":1},"b":{"0":[0,0],"1":[0,1],"2":[1,6,1,11],"3":[0,1]},"_coverageSchema":"1a1c01bbd47fc00a2c39e90264f33305004495a9","hash":"226c2dea78cf971f2a5341f9c369b6dccfff8cef"}
}
