TN:
SF:action.js
FN:7,(anonymous_0)
FN:27,appendGHOutputfile
FN:36,run
FNF:3
FNH:2
FNDA:0,(anonymous_0)
FNDA:1,appendGHOutputfile
FNDA:1,run
DA:1,1
DA:2,1
DA:3,1
DA:4,1
DA:5,1
DA:7,1
DA:8,0
DA:10,0
DA:11,0
DA:14,0
DA:17,1
DA:19,1
DA:23,1
DA:28,1
DA:29,1
DA:31,0
DA:32,0
DA:39,1
DA:41,1
DA:42,1
DA:47,0
DA:48,0
DA:51,1
DA:53,1
DA:75,1
DA:76,1
DA:77,19
DA:79,1
DA:80,1
DA:81,1
DA:83,6
DA:84,6
DA:85,6
DA:86,6
DA:88,1
DA:89,1
DA:90,1
DA:92,11
DA:96,1
DA:97,1
DA:99,0
DA:103,1
DA:104,1
DA:105,0
DA:108,0
DA:111,1
LF:46
LH:35
BRDA:10,0,0,0
BRDA:10,0,1,0
BRDA:19,1,0,0
BRDA:19,1,1,1
BRDA:77,2,0,1
BRDA:77,2,1,6
BRDA:77,2,2,1
BRDA:77,2,3,11
BRDA:104,3,0,0
BRDA:104,3,1,1
BRF:10
BRH:6
end_of_record
